## ONELINE format:
## SEQUENCE_NAME	SEQUENCE_LENGTH	comma-delimited list of biased regions:
## start-end,bias_residue_count,{bias_signature},binomial_P
##
##
sp|O13529|ECM12_YEAST	151	20-71,15,{F},1.3e-09	
sp|O13530|YL198_YEAST	119	6-53,15,{F},3.7e-10	
sp|O13531|YL202_YEAST	108	50-53,4,{F},2.7e-06	
sp|O13540|YL279_YEAST	129	45-53,7,{F},6.0e-09	
sp|O13543|YL294_YEAST	109	70-103,12,{FY},3.1e-06	
sp|O13561|YL169_YEAST	117	20-29,6,{F},8.0e-07	72-79,5,{F},5.5e-06	
sp|O13567|YP126_YEAST	102	66-84,7,{F},5.6e-06	
sp|O13572|YPR50_YEAST	173	101-138,11,{F},1.9e-07	
sp|O94086|YL349_YEAST	168	141-154,7,{Y},1.5e-07	
sp|P00163|CYB_YEAST	385	324-333,7,{F},1.9e-08	
sp|P03875|AI1M_YEAST	834	663-683,7,{Y},4.0e-06	
sp|P05030|PMA1_YEAST	918	844-861,5,{W},3.2e-06	
sp|P05316|FUR4_YEAST	633	111-151,8,{W},6.7e-08	
sp|P05374|CHO2_YEAST	869	69-94,8,{F},5.5e-06	428-449,7,{Y},5.6e-06	
sp|P05453|ERF3_YEAST	685	13-88,17,{Y},6.1e-10	
sp|P06115|CATT_YEAST	562	471-475,4,{Y},6.7e-06	
sp|P07213|TOM70_YEAST	617	26-29,4,{Y},1.4e-06	
sp|P07248|ADR1_YEAST	1323	899-911,8,{YF},8.6e-07	
sp|P07255|COX9_YEAST	59	32-34,3,{W},2.5e-06	
sp|P08004|CHS1_YEAST	1131	795-816,8,{F},1.3e-06	
sp|P08425|SYFM_YEAST	469	278-300,6,{W},4.9e-07	
sp|P08525|QCR8_YEAST	94	67-70,3,{W},9.7e-06	
sp|P0CD90|AQY2_YEAST	149	97-122,8,{F},5.5e-06	97-122,11,{FW},3.9e-08	
sp|P10834|PET54_YEAST	293	99-119,9,{YF},8.6e-06	
sp|P13090|ATR1_YEAST	542	342-358,7,{F},2.3e-06	
sp|P13181|GAL2_YEAST	574	483-518,11,{F},1.1e-07	483-518,15,{FY},1.4e-08	
sp|P13586|ATC1_YEAST	950	849-881,9,{F},4.3e-06	
sp|P14743|NMT_YEAST	455	349-353,4,{Y},6.7e-06	
sp|P15019|TAL1_YEAST	335	222-230,5,{Y},5.2e-06	
sp|P15274|AMPD_YEAST	810	599-607,6,{Y},1.2e-07	
sp|P16639|ATE1_YEAST	503	288-294,5,{Y},9.3e-07	
sp|P19657|PMA2_YEAST	947	873-890,5,{W},3.2e-06	
sp|P19807|HNM1_YEAST	563	455-481,8,{F},7.5e-06	
sp|P19812|UBR1_YEAST	1950	1883-1890,5,{F},5.5e-06	
sp|P21190|IME1_YEAST	360	186-210,10,{YF},5.6e-06	
sp|P22147|XRN1_YEAST	1528	546-563,7,{Y},1.2e-06	
sp|P22214|SEC22_YEAST	214	202-212,6,{F},1.7e-06	
sp|P22215|SLY41_YEAST	453	224-239,6,{Y},9.2e-06	
sp|P22219|VPS15_YEAST	1454	299-312,9,{YF},1.0e-07	
sp|P22855|MAN1_YEAST	1083	389-400,6,{F},3.2e-06	
sp|P23585|HXT2_YEAST	541	468-503,12,{F},9.3e-09	
sp|P23797|GPI12_YEAST	304	282-299,8,{WF},1.8e-06	
sp|P24720|MNE1_YEAST	663	506-532,9,{F},6.7e-07	
sp|P25046|MED19_YEAST	220	13-25,6,{Y},2.2e-06	
sp|P25294|SIS1_YEAST	352	100-135,9,{F},9.2e-06	
sp|P25340|ERG4_YEAST	473	308-344,10,{Y},3.1e-07	422-434,6,{F},5.8e-06	
sp|P25347|YCP2_YEAST	104	58-100,11,{F},7.5e-07	
sp|P25351|YCR3_YEAST	611	531-549,5,{W},4.3e-06	
sp|P25362|PET18_YEAST	215	132-166,6,{W},6.6e-06	
sp|P25371|ADP1_YEAST	1049	823-855,9,{F},4.3e-06	
sp|P25386|USO1_YEAST	1790	510-523,7,{F},4.7e-07	
sp|P25568|ATG22_YEAST	528	398-421,8,{F},2.8e-06	250-260,4,{W},1.0e-05	
sp|P25585|FYV5_YEAST	152	91-134,12,{F},1.1e-07	
sp|P25594|VBA3_YEAST	458	109-136,9,{F},9.4e-07	
sp|P25596|GEX1_YEAST	615	353-360,6,{F},1.2e-07	
sp|P25618|CWH43_YEAST	953	643-650,5,{F},5.5e-06	264-282,7,{F},5.6e-06	
sp|P25619|HSP30_YEAST	332	76-83,6,{F},1.2e-07	
sp|P25621|FEN2_YEAST	512	262-281,5,{W},5.7e-06	
sp|P25628|ARE1_YEAST	610	265-313,11,{F},3.0e-06	
sp|P25640|YCV4_YEAST	136	89-98,7,{F},1.9e-08	6-8,3,{W},2.5e-06	
sp|P25648|SRB8_YEAST	1427	780-793,6,{F},9.7e-06	
sp|P30619|SEC1_YEAST	724	112-156,10,{F},9.1e-06	
sp|P30777|GPI10_YEAST	616	279-373,23,{F},3.3e-12	
sp|P30822|XPO1_YEAST	1084	923-941,7,{F},5.6e-06	
sp|P31382|PMT2_YEAST	759	208-220,6,{F},5.8e-06	232-235,3,{W},9.7e-06	
sp|P32335|MSS51_YEAST	436	307-336,9,{F},1.8e-06	
sp|P32349|RPC3_YEAST	654	119-122,4,{Y},1.4e-06	
sp|P32380|SP110_YEAST	944	868-882,6,{Y},6.0e-06	
sp|P32386|YBT1_YEAST	1661	322-369,12,{F},3.1e-07	17-56,10,{Y},6.7e-07	
sp|P32454|APE2_YEAST	952	402-440,8,{W},4.5e-08	
sp|P32465|HXT1_YEAST	570	477-512,11,{F},1.1e-07	477-512,16,{FY},1.5e-09	
sp|P32466|HXT3_YEAST	567	474-509,11,{F},1.1e-07	474-509,16,{FY},1.5e-09	
sp|P32467|HXT4_YEAST	576	483-518,11,{F},1.1e-07	483-518,16,{FY},1.5e-09	
sp|P32487|LYP1_YEAST	611	526-549,8,{F},2.8e-06	
sp|P32561|RPD3_YEAST	433	340-351,6,{Y},1.2e-06	
sp|P32568|SNQ2_YEAST	1501	1279-1296,7,{F},3.7e-06	603-636,9,{F},5.6e-06	
sp|P32633|MTC7_YEAST	139	18-69,15,{F},1.3e-09	
sp|P32660|ATC5_YEAST	1571	1205-1225,7,{Y},4.0e-06	1378-1403,8,{F},5.5e-06	
sp|P32791|FRE1_YEAST	686	128-136,5,{Y},5.2e-06	
sp|P32802|TMN1_YEAST	667	553-567,7,{F},8.4e-07	71-77,5,{Y},9.3e-07	458-490,9,{F},4.3e-06	
sp|P32804|ZRT1_YEAST	376	280-283,3,{W},9.7e-06	
sp|P32831|NGR1_YEAST	672	509-517,5,{Y},5.2e-06	
sp|P32837|UGA4_YEAST	571	140-146,5,{Y},9.3e-07	
sp|P32874|HFA1_YEAST	2273	1150-1153,4,{F},2.7e-06	
sp|P32901|PTR2_YEAST	601	388-433,11,{F},1.5e-06	
sp|P33300|SUR1_YEAST	382	274-287,6,{F},9.7e-06	
sp|P33302|PDR5_YEAST	1511	784-791,5,{F},5.5e-06	618-637,7,{F},8.2e-06	541-576,9,{F},9.2e-06	
sp|P33753|TRM2_YEAST	639	5-12,6,{F},1.2e-07	
sp|P33775|PMT1_YEAST	817	267-310,10,{F},7.4e-06	
sp|P35190|CLG1_YEAST	452	355-369,7,{Y},2.7e-07	
sp|P35194|UTP20_YEAST	2493	377-420,10,{F},7.4e-06	
sp|P35732|DEF1_YEAST	738	595-636,11,{Y},1.1e-07	509-536,8,{Y},3.0e-06	
sp|P36033|FRE2_YEAST	711	368-394,9,{F},6.7e-07	
sp|P36034|COS9_YEAST	407	356-371,7,{F},1.4e-06	56-73,7,{F},3.7e-06	
sp|P36051|MCD4_YEAST	919	461-478,7,{F},3.7e-06	509-532,11,{FY},3.8e-07	
sp|P36062|AVT3_YEAST	692	456-464,5,{Y},5.2e-06	
sp|P36073|YKL5_YEAST	130	34-41,5,{F},5.5e-06	
sp|P36081|YKH7_YEAST	392	330-337,5,{F},5.5e-06	
sp|P36092|YKE44_YEAST	106	34-68,11,{F},7.6e-08	
sp|P36107|AUR1_YEAST	401	283-286,3,{W},9.7e-06	
sp|P36125|GMH1_YEAST	273	129-163,9,{F},7.2e-06	
sp|P36140|YK27_YEAST	101	6-30,9,{Y},7.7e-08	
sp|P36161|NU133_YEAST	1157	835-848,6,{F},9.7e-06	
sp|P36170|FLO10_YEAST	1169	231-238,5,{Y},2.4e-06	
sp|P36172|VBA5_YEAST	582	233-260,9,{F},9.4e-07	
sp|P36173|GEX2_YEAST	615	353-360,6,{F},1.2e-07	
sp|P37898|AAP1_YEAST	856	306-344,8,{W},4.5e-08	
sp|P38081|YBQ6_YEAST	501	272-280,4,{W},3.9e-06	
sp|P38124|FLR1_YEAST	548	259-281,9,{FW},1.5e-06	
sp|P38166|SFT2_YEAST	215	148-165,7,{F},3.7e-06	
sp|P38179|ALG3_YEAST	458	377-407,6,{W},3.2e-06	
sp|P38180|YBI1_YEAST	368	49-67,7,{Y},1.9e-06	
sp|P38189|YBG2_YEAST	126	10-31,9,{F},8.7e-08	
sp|P38196|FUI1_YEAST	639	127-167,8,{W},6.7e-08	568-590,7,{Y},7.8e-06	
sp|P38206|RFT1_YEAST	574	489-510,8,{F},1.3e-06	
sp|P38216|YBM6_YEAST	128	38-87,11,{Y},7.4e-07	
sp|P38253|YBU0_YEAST	122	20-25,5,{F},6.4e-07	
sp|P38267|YBW3_YEAST	160	69-79,6,{F},1.7e-06	
sp|P38287|CSH1_YEAST	376	282-295,6,{F},9.7e-06	
sp|P38292|PEX32_YEAST	413	369-388,5,{W},5.7e-06	
sp|P38310|FTH1_YEAST	465	3-15,6,{F},5.8e-06	
sp|P38317|YB69_YEAST	127	101-106,5,{F},6.4e-07	
sp|P38343|SLM6_YEAST	150	74-117,12,{F},1.1e-07	
sp|P38359|SUL1_YEAST	859	303-306,3,{W},9.7e-06	
sp|P38362|YB8J_YEAST	165	81-85,4,{Y},6.7e-06	
sp|P38695|HXT5_YEAST	592	498-533,11,{F},1.1e-07	498-533,16,{FY},1.5e-09	
sp|P38703|LAG1_YEAST	411	135-149,7,{F},8.4e-07	302-313,6,{F},3.2e-06	
sp|P38723|COS8_YEAST	381	52-69,5,{W},3.2e-06	
sp|P38741|RIM4_YEAST	713	598-630,10,{Y},9.3e-08	
sp|P38745|YHB7_YEAST	532	424-436,6,{F},5.8e-06	
sp|P38795|NADE_YEAST	714	645-648,4,{F},2.7e-06	
sp|P38811|TRA1_YEAST	3744	3531-3557,8,{F},7.5e-06	
sp|P38834|YHT0_YEAST	111	18-52,13,{F},4.8e-10	
sp|P38836|ECM14_YEAST	430	291-322,9,{Y},8.3e-07	
sp|P38837|NSG1_YEAST	291	271-282,6,{F},3.2e-06	
sp|P38844|DSE2_YEAST	325	3-16,6,{F},9.7e-06	
sp|P38894|FLO5_YEAST	1075	209-216,5,{Y},2.4e-06	
sp|P38954|IPT1_YEAST	527	115-119,4,{Y},6.7e-06	
sp|P38961|RRP8_YEAST	392	322-340,7,{F},5.6e-06	
sp|P38969|PNT1_YEAST	423	201-219,7,{F},5.6e-06	
sp|P38992|SUR2_YEAST	349	277-302,8,{F},5.5e-06	
sp|P39003|HXT6_YEAST	570	477-507,9,{F},2.4e-06	477-508,13,{FY},1.8e-07	
sp|P39004|HXT7_YEAST	570	477-507,9,{F},2.4e-06	477-508,13,{FY},1.8e-07	
sp|P39007|STT3_YEAST	718	359-378,7,{F},8.2e-06	
sp|P39012|GAA1_YEAST	614	573-592,5,{W},5.7e-06	
sp|P39102|XDJ1_YEAST	459	91-104,6,{F},9.7e-06	
sp|P39109|YCFI_YEAST	1515	1103-1110,5,{Y},2.4e-06	
sp|P39551|PRM9_YEAST	298	129-148,7,{F},8.2e-06	
sp|P39567|IMDH1_YEAST	403	377-399,8,{Y},5.6e-07	
sp|P39719|FLC2_YEAST	783	348-370,9,{F},1.4e-07	562-567,5,{F},6.4e-07	
sp|P39904|VPS52_YEAST	641	254-269,6,{Y},9.2e-06	
sp|P39923|NPR2_YEAST	615	86-95,6,{F},8.0e-07	
sp|P39924|HXT13_YEAST	564	470-505,10,{F},1.1e-06	470-505,14,{FY},1.2e-07	
sp|P39928|SLN1_YEAST	1220	75-82,5,{Y},2.4e-06	
sp|P39935|IF4F1_YEAST	952	98-106,5,{Y},5.2e-06	
sp|P39940|RSP5_YEAST	809	503-527,10,{FY},5.6e-06	
sp|P39961|YE14_YEAST	794	376-385,5,{W},1.1e-07	
sp|P39986|ATC6_YEAST	1215	1192-1197,5,{F},6.4e-07	
sp|P39989|YEC8_YEAST	153	89-114,8,{Y},1.6e-06	
sp|P40057|YER4_YEAST	128	15-22,5,{F},5.5e-06	
sp|P40071|TMN3_YEAST	706	551-596,14,{YF},3.5e-06	
sp|P40209|GAT2_YEAST	560	68-72,4,{Y},6.7e-06	
sp|P40219|OSW5_YEAST	148	7-52,13,{F},2.1e-08	
sp|P40260|MEP1_YEAST	492	158-174,5,{W},2.4e-06	
sp|P40308|TGL3_YEAST	642	453-459,5,{Y},9.3e-07	
sp|P40361|YJH0_YEAST	888	201-245,13,{Y},2.2e-09	
sp|P40367|GPI7_YEAST	830	467-469,3,{W},2.5e-06	
sp|P40441|HXT12_YEAST	457	365-400,11,{F},1.1e-07	365-400,16,{FY},1.5e-09	
sp|P40499|ICE2_YEAST	491	129-136,6,{Y},4.3e-08	
sp|P40524|YIF4_YEAST	105	73-103,9,{F},2.4e-06	
sp|P40532|APQ12_YEAST	138	42-54,6,{F},5.8e-06	
sp|P40556|YIA6_YEAST	373	150-176,8,{F},7.5e-06	
sp|P40561|SGN1_YEAST	250	164-203,9,{Y},6.1e-06	
sp|P40568|DSN1_YEAST	576	147-154,6,{Y},4.3e-08	
sp|P40885|HXT9_YEAST	567	475-510,11,{F},1.1e-07	475-510,16,{FY},1.5e-09	
sp|P41733|CDC91_YEAST	394	230-282,14,{F},1.6e-08	303-315,7,{F},2.4e-07	
sp|P41800|MMM1_YEAST	426	92-121,10,{F},1.6e-07	
sp|P41815|BAP3_YEAST	604	207-233,8,{F},7.5e-06	
sp|P41821|MID1_YEAST	548	236-254,7,{Y},1.9e-06	
sp|P42842|EMW1_YEAST	904	195-197,3,{W},2.5e-06	
sp|P43542|COS4_YEAST	379	328-343,7,{F},1.4e-06	52-82,6,{W},3.2e-06	
sp|P43549|YFF4_YEAST	646	564-571,5,{W},2.4e-08	
sp|P43578|YFB5_YEAST	164	6-27,10,{F},4.8e-09	
sp|P43581|HXT10_YEAST	546	461-496,11,{F},1.1e-07	
sp|P43612|SA155_YEAST	1002	165-172,5,{F},5.5e-06	
sp|P46784|RS10B_YEAST	105	63-66,4,{Y},1.4e-06	
sp|P46957|DPOD2_YEAST	487	44-59,6,{Y},9.2e-06	
sp|P46961|GPI2_YEAST	280	75-79,4,{Y},6.7e-06	
sp|P46971|PMT4_YEAST	762	642-655,6,{F},9.7e-06	
sp|P46974|RSF2_YEAST	1380	64-67,4,{F},2.7e-06	
sp|P46986|YJS2_YEAST	105	22-26,5,{F},1.1e-07	
sp|P47020|YJM0_YEAST	107	48-59,6,{F},3.2e-06	
sp|P47036|APQ13_YEAST	138	5-55,12,{F},6.3e-07	
sp|P47069|MPS3_YEAST	682	161-170,6,{F},8.0e-07	
sp|P47075|VTC4_YEAST	721	15-22,5,{Y},2.4e-06	
sp|P47087|YJY2_YEAST	207	14-48,9,{F},7.2e-06	
sp|P47088|GPI14_YEAST	403	13-63,15,{YF},2.5e-06	
sp|P47090|YJY5_YEAST	510	355-384,10,{F},1.6e-07	254-297,11,{Y},1.9e-07	
sp|P47126|YJ49_YEAST	109	16-20,5,{F},1.1e-07	
sp|P47130|CSN12_YEAST	423	214-222,5,{Y},5.2e-06	
sp|P47131|YJ55_YEAST	105	94-104,6,{Y},6.3e-07	
sp|P47155|ILM1_YEAST	203	12-24,6,{F},5.8e-06	
sp|P47185|HXT16_YEAST	567	467-508,11,{F},5.9e-07	473-508,14,{FY},1.2e-07	
sp|P47187|COS5_YEAST	383	330-345,7,{F},1.4e-06	
sp|P47190|PMT3_YEAST	753	225-228,3,{W},9.7e-06	
sp|P48236|YG3L_YEAST	432	104-146,12,{F},8.5e-08	104-171,24,{FY},4.8e-11	
sp|P48353|HLJ1_YEAST	224	119-161,10,{F},5.9e-06	
sp|P50077|CCH1_YEAST	2039	904-910,5,{F},2.1e-06	1145-1168,10,{YF},3.7e-06	
sp|P50078|TOS2_YEAST	622	420-424,4,{Y},6.7e-06	
sp|P50080|AZR1_YEAST	613	235-241,5,{F},2.1e-06	
sp|P50108|MNN10_YEAST	393	201-204,3,{W},9.7e-06	
sp|P52867|PMT5_YEAST	743	622-658,16,{YF},2.5e-09	
sp|P52924|COS10_YEAST	374	32-62,7,{W},1.6e-07	
sp|P52960|PIP2_YEAST	996	639-662,8,{F},2.8e-06	
sp|P53012|SCS3_YEAST	380	52-61,4,{W},6.4e-06	
sp|P53049|YOR1_YEAST	1477	359-370,6,{F},3.2e-06	940-953,6,{F},9.7e-06	
sp|P53116|YGO9_YEAST	101	29-44,8,{F},6.8e-08	62-99,10,{F},1.8e-06	
sp|P53121|FLC3_YEAST	802	537-569,9,{F},4.3e-06	
sp|P53122|YGN8_YEAST	345	4-46,13,{F},8.6e-09	
sp|P53151|YGI8_YEAST	121	10-47,12,{F},1.8e-08	
sp|P53245|YG2C_YEAST	111	36-47,11,{F},5.7e-15	
sp|P53263|YG2U_YEAST	149	16-23,5,{F},5.5e-06	
sp|P53293|YG3W_YEAST	376	182-216,9,{F},7.2e-06	
sp|P53308|YG4U_YEAST	114	29-71,11,{F},7.5e-07	
sp|P53316|YG5B_YEAST	781	451-462,6,{Y},1.2e-06	
sp|P53339|YG61_YEAST	147	91-122,11,{F},2.7e-08	
sp|P53342|YG64_YEAST	153	81-85,4,{Y},6.7e-06	
sp|P53344|COS6_YEAST	381	330-345,7,{F},1.4e-06	52-82,6,{W},3.2e-06	
sp|P53390|MEP3_YEAST	489	157-173,5,{W},2.4e-06	
sp|P53438|SOK2_YEAST	785	148-172,10,{Y},4.4e-09	
sp|P53584|YTP1_YEAST	459	241-277,6,{W},9.2e-06	
sp|P53631|HXT17_YEAST	564	470-505,10,{F},1.1e-06	470-505,14,{FY},1.2e-07	
sp|P53726|YN8E_YEAST	119	33-49,8,{F},1.2e-07	
sp|P53736|YN8O_YEAST	256	176-195,7,{F},8.2e-06	
sp|P53745|MNT4_YEAST	580	397-441,10,{F},9.1e-06	
sp|P53746|FRE4_YEAST	719	142-158,9,{Y},1.2e-09	330-334,4,{Y},6.7e-06	
sp|P53822|COS1_YEAST	381	330-345,7,{F},1.4e-06	
sp|P53842|YN06_YEAST	139	22-73,16,{F},1.3e-10	
sp|P53862|YNW8_YEAST	258	129-143,11,{F},5.7e-13	67-82,7,{F},1.4e-06	13-20,5,{F},5.5e-06	220-246,8,{F},7.5e-06	
sp|P53880|YNR9_YEAST	145	44-62,14,{F},3.1e-16	
sp|P53906|YNO6_YEAST	100	85-92,5,{F},5.5e-06	
sp|P53925|YNL5_YEAST	644	507-523,5,{W},2.4e-06	
sp|P53943|AQR1_YEAST	586	528-543,7,{F},1.4e-06	
sp|P53946|ARP5_YEAST	755	231-257,8,{Y},2.2e-06	
sp|P53979|YNB3_YEAST	125	18-75,15,{F},6.7e-09	
sp|P54785|MOT3_YEAST	490	88-95,5,{Y},2.4e-06	
sp|P54854|HXT15_YEAST	567	467-508,11,{F},5.9e-07	473-508,14,{FY},1.2e-07	
sp|P54862|HXT11_YEAST	567	475-510,11,{F},1.1e-07	475-510,16,{FY},1.5e-09	
sp|P80667|PEX13_YEAST	386	81-133,13,{Y},1.9e-08	
sp|P87266|YD413_YEAST	191	12-52,12,{F},4.8e-08	
sp|P87268|YD426_YEAST	125	2-10,5,{Y},5.2e-06	
sp|P87272|YD509_YEAST	115	3-39,15,{F},5.1e-12	
sp|P87280|YD290_YEAST	109	57-94,10,{F},1.8e-06	
sp|P87282|YD271_YEAST	123	5-9,4,{Y},6.7e-06	
sp|P87287|YD366_YEAST	132	58-66,5,{Y},5.2e-06	
sp|Q01590|SED5_YEAST	340	326-333,5,{F},5.5e-06	
sp|Q01846|MDM1_YEAST	1127	27-44,7,{F},3.7e-06	
sp|Q02659|YP025_YEAST	185	110-117,7,{F},1.4e-09	
sp|Q02785|PDR12_YEAST	1511	1292-1296,5,{F},1.1e-07	
sp|Q02786|LCL1_YEAST	101	87-92,5,{F},6.4e-07	
sp|Q02792|XRN2_YEAST	1006	637-657,9,{YW},2.1e-07	
sp|Q02825|SEN54_YEAST	467	235-247,6,{F},5.8e-06	
sp|Q02864|YP071_YEAST	156	121-124,3,{W},9.7e-06	
sp|Q03308|VPS16_YEAST	798	565-580,6,{Y},9.2e-06	
sp|Q03373|DIG2_YEAST	323	154-214,13,{Y},1.1e-07	
sp|Q03419|IZH1_YEAST	316	206-237,10,{F},3.2e-07	
sp|Q03455|MSC2_YEAST	724	52-99,15,{FY},1.1e-06	
sp|Q03516|RSN1_YEAST	953	616-638,7,{Y},7.8e-06	
sp|Q03554|GOT1_YEAST	138	9-29,10,{F},2.7e-09	
sp|Q03640|TCB3_YEAST	1545	219-238,9,{FW},3.6e-07	
sp|Q03654|CEF1_YEAST	590	559-566,5,{Y},2.4e-06	
sp|Q03687|YMP0_YEAST	405	332-339,6,{Y},4.3e-08	180-212,10,{F},4.3e-07	180-238,18,{WF},1.0e-09	
sp|Q03770|SSY1_YEAST	852	766-796,9,{F},2.4e-06	
sp|Q03798|AIM36_YEAST	255	154-181,8,{Y},3.0e-06	
sp|Q03983|YD179_YEAST	463	310-334,8,{F},3.9e-06	
sp|Q04069|YD431_YEAST	103	88-94,6,{F},3.0e-08	68-80,6,{Y},2.2e-06	
sp|Q04083|THI74_YEAST	370	312-345,9,{F},5.6e-06	
sp|Q04100|YD445_YEAST	135	44-70,8,{F},7.5e-06	42-73,13,{FY},1.8e-07	
sp|Q04162|YD387_YEAST	555	511-524,6,{F},9.7e-06	
sp|Q04174|SMP3_YEAST	516	181-206,8,{F},5.5e-06	
sp|Q04182|PDR15_YEAST	1529	628-663,10,{F},1.1e-06	794-797,4,{F},2.7e-06	
sp|Q04398|SPG3_YEAST	127	23-87,20,{F},6.5e-13	
sp|Q04411|URC2_YEAST	772	740-751,6,{F},3.2e-06	
sp|Q04526|YMI3_YEAST	418	209-241,9,{F},4.3e-06	
sp|Q04597|YDR14_YEAST	100	78-86,5,{Y},5.2e-06	
sp|Q04629|SWF1_YEAST	336	123-131,5,{Y},5.2e-06	
sp|Q04674|YMU7_YEAST	123	7-15,5,{Y},5.2e-06	
sp|Q04705|PRM6_YEAST	352	309-351,10,{Y},1.4e-06	
sp|Q04895|DAL4_YEAST	635	113-153,8,{W},6.7e-08	
sp|Q04935|COX20_YEAST	205	3-6,3,{W},9.7e-06	
sp|Q04952|FKS3_YEAST	1785	1470-1494,10,{F},2.1e-08	331-351,8,{F},8.8e-07	1397-1424,9,{F},9.4e-07	1200-1225,8,{F},5.5e-06	
sp|Q05510|YD344_YEAST	147	3-25,9,{F},1.4e-07	
sp|Q05672|RBS1_YEAST	457	364-395,10,{Y},6.7e-08	
sp|Q05812|MSC3_YEAST	728	18-22,4,{Y},6.7e-06	
sp|Q05998|THI7_YEAST	598	479-504,9,{F},4.6e-07	
sp|Q06158|YL311_YEAST	115	51-78,9,{F},9.4e-07	
sp|Q06164|MMS22_YEAST	1454	1302-1336,9,{F},7.2e-06	
sp|Q06328|YD352_YEAST	317	89-92,4,{Y},1.4e-06	271-279,5,{Y},5.2e-06	
sp|Q06389|NCS1_YEAST	190	48-85,10,{F},1.8e-06	
sp|Q06466|TDA6_YEAST	467	199-206,5,{F},5.5e-06	
sp|Q06593|OPT2_YEAST	877	334-343,6,{F},8.0e-07	
sp|Q06644|PMT7_YEAST	662	523-541,7,{Y},1.9e-06	623-648,8,{F},5.5e-06	
sp|Q06673|ECM30_YEAST	1274	483-490,5,{Y},2.4e-06	1221-1246,8,{F},5.5e-06	
sp|Q06681|YSP2_YEAST	1438	1290-1302,6,{F},5.8e-06	
sp|Q06991|PUN1_YEAST	263	176-185,6,{F},8.0e-07	
sp|Q07349|YD027_YEAST	420	131-172,14,{F},5.5e-10	
sp|Q07355|YD050_YEAST	123	36-49,7,{F},4.7e-07	
sp|Q07549|SNA4_YEAST	140	71-75,4,{Y},6.7e-06	
sp|Q07788|COS7_YEAST	383	330-345,7,{F},1.4e-06	
sp|Q07811|YL020_YEAST	101	66-91,11,{F},2.0e-09	
sp|Q07834|YL032_YEAST	825	783-806,11,{Y},1.2e-10	
sp|Q07865|YL037_YEAST	126	13-24,9,{F},5.8e-11	
sp|Q07881|YL047_YEAST	127	12-32,9,{F},5.4e-08	
sp|Q07963|UBR2_YEAST	1872	653-662,6,{F},8.0e-07	
sp|Q07986|YL036_YEAST	203	128-140,6,{F},5.8e-06	
sp|Q07992|BUD28_YEAST	125	4-12,7,{F},6.0e-09	
sp|Q08205|YO037_YEAST	117	99-107,7,{F},6.0e-09	
sp|Q08218|YO047_YEAST	356	214-228,8,{F},3.6e-08	
sp|Q08271|GAS4_YEAST	471	464-471,5,{F},5.5e-06	
sp|Q08409|AUS1_YEAST	1394	499-517,7,{F},5.6e-06	
sp|Q08486|YOR72_YEAST	104	73-103,9,{F},2.4e-06	
sp|Q08498|YO082_YEAST	113	53-91,12,{F},2.6e-08	
sp|Q08579|THI72_YEAST	599	479-504,9,{F},4.6e-07	
sp|Q08651|ENV9_YEAST	330	251-263,6,{F},5.8e-06	
sp|Q08693|TRE2_YEAST	809	680-717,7,{W},6.8e-07	
sp|Q08741|YO282_YEAST	106	75-90,7,{F},1.4e-06	
sp|Q08743|YO292_YEAST	309	173-207,13,{F},4.8e-10	
sp|Q08745|RS10A_YEAST	105	63-66,4,{Y},1.4e-06	
sp|Q08844|YO365_YEAST	703	572-628,16,{F},5.8e-10	374-406,10,{F},4.3e-07	
sp|Q08902|YO378_YEAST	515	200-206,4,{W},1.1e-06	
sp|Q08905|FRE3_YEAST	711	368-394,9,{F},6.7e-07	149-173,8,{Y},1.1e-06	
sp|Q08908|FRE5_YEAST	694	362-368,6,{F},3.0e-08	328-343,6,{Y},9.2e-06	
sp|Q08913|YO390_YEAST	375	195-208,6,{F},9.7e-06	
sp|Q08929|GUP2_YEAST	609	151-190,10,{F},3.0e-06	
sp|Q08958|YP205_YEAST	114	4-26,8,{F},1.9e-06	
sp|Q08964|YP216_YEAST	1102	387-405,7,{F},5.6e-06	
sp|Q08972|NEW1_YEAST	1196	61-104,13,{Y},1.6e-09	
sp|Q08991|YP279_YEAST	375	195-208,6,{F},9.7e-06	
sp|Q12034|SLF1_YEAST	447	236-263,8,{Y},3.0e-06	
sp|Q12066|NUR1_YEAST	484	125-178,12,{F},1.2e-06	
sp|Q12077|YL140_YEAST	108	28-34,6,{F},3.0e-08	
sp|Q12106|YO228_YEAST	302	217-220,3,{W},9.7e-06	
sp|Q12135|YD172_YEAST	159	17-24,8,{F},7.4e-12	
sp|Q12142|ATG9_YEAST	997	374-385,6,{F},3.2e-06	
sp|Q12164|POM33_YEAST	279	118-138,8,{F},8.8e-07	
sp|Q12187|YDL96_YEAST	109	54-73,8,{F},5.7e-07	
sp|Q12210|YD009_YEAST	107	58-81,9,{F},2.1e-07	
sp|Q12239|YO107_YEAST	342	185-234,12,{F},5.0e-07	
sp|Q12256|TPO4_YEAST	659	320-337,7,{F},3.7e-06	
sp|Q12324|YVC1_YEAST	675	439-443,4,{Y},6.7e-06	
sp|Q12325|SUL2_YEAST	893	319-322,3,{W},9.7e-06	
sp|Q12329|HSP42_YEAST	375	59-86,10,{Y},1.6e-08	
sp|Q12403|ERP3_YEAST	225	8-18,7,{F},5.1e-08	
sp|Q12479|IRC11_YEAST	156	58-62,4,{Y},6.7e-06	
sp|Q12492|YP064_YEAST	139	37-45,6,{F},3.3e-07	
sp|Q12506|YO314_YEAST	109	76-100,9,{F},3.2e-07	
sp|Q12528|YL111_YEAST	110	32-46,8,{F},3.6e-08	
sp|Q12697|YPK9_YEAST	1472	514-517,4,{Y},1.4e-06	
sp|Q3E767|YN67B_YEAST	46	21-30,6,{F},8.0e-07	
sp|Q3E790|TSC3_YEAST	80	48-79,10,{F},3.2e-07	39-79,15,{FY},1.1e-07	
sp|Q3E7B0|YE053_YEAST	37	7-19,6,{F},5.8e-06	
sp|Q3E7B2|COA3_YEAST	85	46-50,4,{Y},6.7e-06	
sp|Q6B0Y6|YM052_YEAST	121	31-41,7,{F},5.1e-08	
sp|Q6B0Y7|YM075_YEAST	121	6-39,9,{F},5.6e-06	
sp|Q7LIF1|YL366_YEAST	101	64-77,6,{F},9.7e-06	
sp|Q99190|TSC13_YEAST	310	248-279,9,{F},3.2e-06	248-279,12,{FW},4.7e-08	177-197,10,{FY},8.3e-07	
sp|Q99222|AFI1_YEAST	893	566-580,7,{F},8.4e-07	
sp|Q99393|IZH4_YEAST	312	161-203,11,{F},7.5e-07	158-203,16,{FY},9.4e-08	
sp|Q99401|YP238_YEAST	129	35-108,22,{F},1.0e-13	
sp|Q9ZZX7|Q0032_YEAST	96	14-79,15,{Y},4.8e-09	
